<?xml version="1.0" encoding="utf-8"?><testsuites name="pytest tests"><testsuite name="pytest" errors="1" failures="0" skipped="0" tests="1" time="1.381" timestamp="2026-02-27T19:13:07.377534+08:00" hostname="PC-20231114UXTV"><testcase classname="" name="tests.test_integration" time="0.000"><error message="collection failure">ImportError while importing test module 'G:\iMato\backend\enterprise_gateway\tests\test_integration.py'.
Hint: make sure your test modules/packages have valid Python names.
Traceback:
C:\Users\Administrator\AppData\Local\Programs\Python\Python314\Lib\importlib\__init__.py:88: in import_module
    return _bootstrap._gcd_import(name[level:], package, level)
           ^^^^^^^^^^^^^^^^^^^^^^^^^^^^^^^^^^^^^^^^^^^^^^^^^^^^
tests\test_integration.py:13: in &lt;module&gt;
    from main import app
main.py:14: in &lt;module&gt;
    from config.enterprise_settings import enterprise_settings
E   ModuleNotFoundError: No module named 'config'</error></testcase></testsuite></testsuites>